# JRE version: OpenJDK Runtime Environment Temurin-17.0.4.1+1 (17.0.4.1+1) (build 17.0.4.1+1)
# Java VM: OpenJDK 64-Bit Server VM Temurin-17.0.4.1+1 (17.0.4.1+1, mixed mode, sharing, tiered, compressed oops, compressed class ptrs, serial gc, linux-amd64)
GC Precious Log:
 CPUs: 4 total, 1 available
 Memory: 1024M
 Large Page Support: Disabled
 NUMA Support: Disabled
 Compressed Oops: Enabled (32-bit)
 Heap Min Capacity: 8M
 Heap Initial Capacity: 16M
 Heap Max Capacity: 512M
 Pre-touch: Disabled
Heap:
 def new generation   total 17408K, used 12049K [0x00000000e0000000, 0x00000000e12e0000, 0x00000000eaaa0000)
  eden space 15488K,  77% used [0x00000000e0000000, 0x00000000e0bbca50, 0x00000000e0f20000)
  from space 1920K,   1% used [0x00000000e1100000, 0x00000000e11079c0, 0x00000000e12e0000)
  to   space 1920K,   0% used [0x00000000e0f20000, 0x00000000e0f20000, 0x00000000e1100000)
 tenured generation   total 38376K, used 30892K [0x00000000eaaa0000, 0x00000000ed01a000, 0x0000000100000000)
   the space 38376K,  80% used [0x00000000eaaa0000, 0x00000000ec8cb370, 0x00000000ec8cb400, 0x00000000ed01a000)
 Metaspace       used 62961K, committed 63488K, reserved 1105920K
  class space    used 9330K, committed 9600K, reserved 1048576K
GC Heap History (20 events):
Event: 5574.536 GC heap before
{Heap before GC invocations=56 (full 3):
 def new generation   total 17408K, used 15495K [0x00000000e0000000, 0x00000000e12e0000, 0x00000000eaaa0000)
  eden space 15488K, 100% used [0x00000000e0000000, 0x00000000e0f20000, 0x00000000e0f20000)
  from space 1920K,   0% used [0x00000000e1100000, 0x00000000e1101d98, 0x00000000e12e0000)
  to   space 1920K,   0% used [0x00000000e0f20000, 0x00000000e0f20000, 0x00000000e1100000)
 tenured generation   total 38376K, used 30892K [0x00000000eaaa0000, 0x00000000ed01a000, 0x0000000100000000)
   the space 38376K,  80% used [0x00000000eaaa0000, 0x00000000ec8cb160, 0x00000000ec8cb200, 0x00000000ed01a000)
 Metaspace       used 62852K, committed 63424K, reserved 1105920K
  class space    used 9330K, committed 9600K, reserved 1048576K
}
Event: 5574.538 GC heap after
{Heap after GC invocations=57 (full 3):
 def new generation   total 17408K, used 5K [0x00000000e0000000, 0x00000000e12e0000, 0x00000000eaaa0000)
  eden space 15488K,   0% used [0x00000000e0000000, 0x00000000e0000000, 0x00000000e0f20000)
  from space 1920K,   0% used [0x00000000e0f20000, 0x00000000e0f21580, 0x00000000e1100000)
  to   space 1920K,   0% used [0x00000000e1100000, 0x00000000e1100000, 0x00000000e12e0000)
 tenured generation   total 38376K, used 30892K [0x00000000eaaa0000, 0x00000000ed01a000, 0x0000000100000000)
   the space 38376K,  80% used [0x00000000eaaa0000, 0x00000000ec8cb160, 0x00000000ec8cb200, 0x00000000ed01a000)
 Metaspace       used 62852K, committed 63424K, reserved 1105920K
  class space    used 9330K, committed 9600K, reserved 1048576K
}
Event: 6033.253 GC heap before
{Heap before GC invocations=57 (full 3):
 def new generation   total 17408K, used 15493K [0x00000000e0000000, 0x00000000e12e0000, 0x00000000eaaa0000)
  eden space 15488K, 100% used [0x00000000e0000000, 0x00000000e0f20000, 0x00000000e0f20000)
  from space 1920K,   0% used [0x00000000e0f20000, 0x00000000e0f21580, 0x00000000e1100000)
  to   space 1920K,   0% used [0x00000000e1100000, 0x00000000e1100000, 0x00000000e12e0000)
 tenured generation   total 38376K, used 30892K [0x00000000eaaa0000, 0x00000000ed01a000, 0x0000000100000000)
   the space 38376K,  80% used [0x00000000eaaa0000, 0x00000000ec8cb160, 0x00000000ec8cb200, 0x00000000ed01a000)
 Metaspace       used 62853K, committed 63424K, reserved 1105920K
  class space    used 9330K, committed 9600K, reserved 1048576K
}
Event: 6033.254 GC heap after
{Heap after GC invocations=58 (full 3):
 def new generation   total 17408K, used 7K [0x00000000e0000000, 0x00000000e12e0000, 0x00000000eaaa0000)
  eden space 15488K,   0% used [0x00000000e0000000, 0x00000000e0000000, 0x00000000e0f20000)
  from space 1920K,   0% used [0x00000000e1100000, 0x00000000e1101c88, 0x00000000e12e0000)
  to   space 1920K,   0% used [0x00000000e0f20000, 0x00000000e0f20000, 0x00000000e1100000)
 tenured generation   total 38376K, used 30892K [0x00000000eaaa0000, 0x00000000ed01a000, 0x0000000100000000)
   the space 38376K,  80% used [0x00000000eaaa0000, 0x00000000ec8cb160, 0x00000000ec8cb200, 0x00000000ed01a000)
 Metaspace       used 62853K, committed 63424K, reserved 1105920K
  class space    used 9330K, committed 9600K, reserved 1048576K
}
Event: 6633.081 GC heap before
{Heap before GC invocations=58 (full 3):
 def new generation   total 17408K, used 15495K [0x00000000e0000000, 0x00000000e12e0000, 0x00000000eaaa0000)
  eden space 15488K, 100% used [0x00000000e0000000, 0x00000000e0f20000, 0x00000000e0f20000)
  from space 1920K,   0% used [0x00000000e1100000, 0x00000000e1101c88, 0x00000000e12e0000)
  to   space 1920K,   0% used [0x00000000e0f20000, 0x00000000e0f20000, 0x00000000e1100000)
 tenured generation   total 38376K, used 30892K [0x00000000eaaa0000, 0x00000000ed01a000, 0x0000000100000000)
   the space 38376K,  80% used [0x00000000eaaa0000, 0x00000000ec8cb160, 0x00000000ec8cb200, 0x00000000ed01a000)
 Metaspace       used 62956K, committed 63488K, reserved 1105920K
  class space    used 9330K, committed 9600K, reserved 1048576K
}
Event: 6633.083 GC heap after
{Heap after GC invocations=59 (full 3):
 def new generation   total 17408K, used 44K [0x00000000e0000000, 0x00000000e12e0000, 0x00000000eaaa0000)
  eden space 15488K,   0% used [0x00000000e0000000, 0x00000000e0000000, 0x00000000e0f20000)
  from space 1920K,   2% used [0x00000000e0f20000, 0x00000000e0f2b0a0, 0x00000000e1100000)
  to   space 1920K,   0% used [0x00000000e1100000, 0x00000000e1100000, 0x00000000e12e0000)
 tenured generation   total 38376K, used 30892K [0x00000000eaaa0000, 0x00000000ed01a000, 0x0000000100000000)
   the space 38376K,  80% used [0x00000000eaaa0000, 0x00000000ec8cb160, 0x00000000ec8cb200, 0x00000000ed01a000)
 Metaspace       used 62956K, committed 63488K, reserved 1105920K
  class space    used 9330K, committed 9600K, reserved 1048576K
}
Event: 6895.961 GC heap before
{Heap before GC invocations=59 (full 3):
 def new generation   total 17408K, used 15532K [0x00000000e0000000, 0x00000000e12e0000, 0x00000000eaaa0000)
  eden space 15488K, 100% used [0x00000000e0000000, 0x00000000e0f20000, 0x00000000e0f20000)
  from space 1920K,   2% used [0x00000000e0f20000, 0x00000000e0f2b0a0, 0x00000000e1100000)
  to   space 1920K,   0% used [0x00000000e1100000, 0x00000000e1100000, 0x00000000e12e0000)
 tenured generation   total 38376K, used 30892K [0x00000000eaaa0000, 0x00000000ed01a000, 0x0000000100000000)
   the space 38376K,  80% used [0x00000000eaaa0000, 0x00000000ec8cb160, 0x00000000ec8cb200, 0x00000000ed01a000)
 Metaspace       used 62958K, committed 63488K, reserved 1105920K
  class space    used 9330K, committed 9600K, reserved 1048576K
}
Event: 6895.963 GC heap after
{Heap after GC invocations=60 (full 3):
 def new generation   total 17408K, used 27K [0x00000000e0000000, 0x00000000e12e0000, 0x00000000eaaa0000)
  eden space 15488K,   0% used [0x00000000e0000000, 0x00000000e0000000, 0x00000000e0f20000)
  from space 1920K,   1% used [0x00000000e1100000, 0x00000000e1106cb0, 0x00000000e12e0000)
  to   space 1920K,   0% used [0x00000000e0f20000, 0x00000000e0f20000, 0x00000000e1100000)
 tenured generation   total 38376K, used 30892K [0x00000000eaaa0000, 0x00000000ed01a000, 0x0000000100000000)
   the space 38376K,  80% used [0x00000000eaaa0000, 0x00000000ec8cb160, 0x00000000ec8cb200, 0x00000000ed01a000)
 Metaspace       used 62958K, committed 63488K, reserved 1105920K
  class space    used 9330K, committed 9600K, reserved 1048576K
}
Event: 7233.352 GC heap before
{Heap before GC invocations=60 (full 3):
 def new generation   total 17408K, used 15515K [0x00000000e0000000, 0x00000000e12e0000, 0x00000000eaaa0000)
  eden space 15488K, 100% used [0x00000000e0000000, 0x00000000e0f20000, 0x00000000e0f20000)
  from space 1920K,   1% used [0x00000000e1100000, 0x00000000e1106cb0, 0x00000000e12e0000)
  to   space 1920K,   0% used [0x00000000e0f20000, 0x00000000e0f20000, 0x00000000e1100000)
 tenured generation   total 38376K, used 30892K [0x00000000eaaa0000, 0x00000000ed01a000, 0x0000000100000000)
   the space 38376K,  80% used [0x00000000eaaa0000, 0x00000000ec8cb160, 0x00000000ec8cb200, 0x00000000ed01a000)
 Metaspace       used 62958K, committed 63488K, reserved 1105920K
  class space    used 9330K, committed 9600K, reserved 1048576K
}
Event: 7233.353 GC heap after
{Heap after GC invocations=61 (full 3):
 def new generation   total 17408K, used 29K [0x00000000e0000000, 0x00000000e12e0000, 0x00000000eaaa0000)
  eden space 15488K,   0% used [0x00000000e0000000, 0x00000000e0000000, 0x00000000e0f20000)
  from space 1920K,   1% used [0x00000000e0f20000, 0x00000000e0f274d8, 0x00000000e1100000)
  to   space 1920K,   0% used [0x00000000e1100000, 0x00000000e1100000, 0x00000000e12e0000)
 tenured generation   total 38376K, used 30892K [0x00000000eaaa0000, 0x00000000ed01a000, 0x0000000100000000)
   the space 38376K,  80% used [0x00000000eaaa0000, 0x00000000ec8cb160, 0x00000000ec8cb200, 0x00000000ed01a000)
 Metaspace       used 62958K, committed 63488K, reserved 1105920K
  class space    used 9330K, committed 9600K, reserved 1048576K
}
Event: 7233.594 GC heap before
{Heap before GC invocations=61 (full 3):
 def new generation   total 17408K, used 15517K [0x00000000e0000000, 0x00000000e12e0000, 0x00000000eaaa0000)
  eden space 15488K, 100% used [0x00000000e0000000, 0x00000000e0f20000, 0x00000000e0f20000)
  from space 1920K,   1% used [0x00000000e0f20000, 0x00000000e0f274d8, 0x00000000e1100000)
  to   space 1920K,   0% used [0x00000000e1100000, 0x00000000e1100000, 0x00000000e12e0000)
 tenured generation   total 38376K, used 30892K [0x00000000eaaa0000, 0x00000000ed01a000, 0x0000000100000000)
   the space 38376K,  80% used [0x00000000eaaa0000, 0x00000000ec8cb160, 0x00000000ec8cb200, 0x00000000ed01a000)
 Metaspace       used 62958K, committed 63488K, reserved 1105920K
  class space    used 9330K, committed 9600K, reserved 1048576K
}
Event: 7233.595 GC heap after
{Heap after GC invocations=62 (full 3):
 def new generation   total 17408K, used 28K [0x00000000e0000000, 0x00000000e12e0000, 0x00000000eaaa0000)
  eden space 15488K,   0% used [0x00000000e0000000, 0x00000000e0000000, 0x00000000e0f20000)
  from space 1920K,   1% used [0x00000000e1100000, 0x00000000e11071d8, 0x00000000e12e0000)
  to   space 1920K,   0% used [0x00000000e0f20000, 0x00000000e0f20000, 0x00000000e1100000)
 tenured generation   total 38376K, used 30892K [0x00000000eaaa0000, 0x00000000ed01a000, 0x0000000100000000)
   the space 38376K,  80% used [0x00000000eaaa0000, 0x00000000ec8cb160, 0x00000000ec8cb200, 0x00000000ed01a000)
 Metaspace       used 62958K, committed 63488K, reserved 1105920K
  class space    used 9330K, committed 9600K, reserved 1048576K
}
Event: 7233.873 GC heap before
{Heap before GC invocations=62 (full 3):
 def new generation   total 17408K, used 15516K [0x00000000e0000000, 0x00000000e12e0000, 0x00000000eaaa0000)
  eden space 15488K, 100% used [0x00000000e0000000, 0x00000000e0f20000, 0x00000000e0f20000)
  from space 1920K,   1% used [0x00000000e1100000, 0x00000000e11071d8, 0x00000000e12e0000)
  to   space 1920K,   0% used [0x00000000e0f20000, 0x00000000e0f20000, 0x00000000e1100000)
 tenured generation   total 38376K, used 30892K [0x00000000eaaa0000, 0x00000000ed01a000, 0x0000000100000000)
   the space 38376K,  80% used [0x00000000eaaa0000, 0x00000000ec8cb160, 0x00000000ec8cb200, 0x00000000ed01a000)
 Metaspace       used 62958K, committed 63488K, reserved 1105920K
  class space    used 9330K, committed 9600K, reserved 1048576K
}
Event: 7233.874 GC heap after
{Heap after GC invocations=63 (full 3):
 def new generation   total 17408K, used 29K [0x00000000e0000000, 0x00000000e12e0000, 0x00000000eaaa0000)
  eden space 15488K,   0% used [0x00000000e0000000, 0x00000000e0000000, 0x00000000e0f20000)
  from space 1920K,   1% used [0x00000000e0f20000, 0x00000000e0f27590, 0x00000000e1100000)
  to   space 1920K,   0% used [0x00000000e1100000, 0x00000000e1100000, 0x00000000e12e0000)
 tenured generation   total 38376K, used 30892K [0x00000000eaaa0000, 0x00000000ed01a000, 0x0000000100000000)
   the space 38376K,  80% used [0x00000000eaaa0000, 0x00000000ec8cb160, 0x00000000ec8cb200, 0x00000000ed01a000)
 Metaspace       used 62958K, committed 63488K, reserved 1105920K
  class space    used 9330K, committed 9600K, reserved 1048576K
}
Event: 7833.069 GC heap before
{Heap before GC invocations=63 (full 3):
 def new generation   total 17408K, used 15517K [0x00000000e0000000, 0x00000000e12e0000, 0x00000000eaaa0000)
  eden space 15488K, 100% used [0x00000000e0000000, 0x00000000e0f20000, 0x00000000e0f20000)
  from space 1920K,   1% used [0x00000000e0f20000, 0x00000000e0f27590, 0x00000000e1100000)
  to   space 1920K,   0% used [0x00000000e1100000, 0x00000000e1100000, 0x00000000e12e0000)
 tenured generation   total 38376K, used 30892K [0x00000000eaaa0000, 0x00000000ed01a000, 0x0000000100000000)
   the space 38376K,  80% used [0x00000000eaaa0000, 0x00000000ec8cb160, 0x00000000ec8cb200, 0x00000000ed01a000)
 Metaspace       used 62958K, committed 63488K, reserved 1105920K
  class space    used 9330K, committed 9600K, reserved 1048576K
}
Event: 7833.077 GC heap after
{Heap after GC invocations=64 (full 3):
 def new generation   total 17408K, used 28K [0x00000000e0000000, 0x00000000e12e0000, 0x00000000eaaa0000)
  eden space 15488K,   0% used [0x00000000e0000000, 0x00000000e0000000, 0x00000000e0f20000)
  from space 1920K,   1% used [0x00000000e1100000, 0x00000000e11073e8, 0x00000000e12e0000)
  to   space 1920K,   0% used [0x00000000e0f20000, 0x00000000e0f20000, 0x00000000e1100000)
 tenured generation   total 38376K, used 30892K [0x00000000eaaa0000, 0x00000000ed01a000, 0x0000000100000000)
   the space 38376K,  80% used [0x00000000eaaa0000, 0x00000000ec8cb160, 0x00000000ec8cb200, 0x00000000ed01a000)
 Metaspace       used 62958K, committed 63488K, reserved 1105920K
  class space    used 9330K, committed 9600K, reserved 1048576K
}
Event: 7833.358 GC heap before
{Heap before GC invocations=64 (full 3):
 def new generation   total 17408K, used 15516K [0x00000000e0000000, 0x00000000e12e0000, 0x00000000eaaa0000)
  eden space 15488K, 100% used [0x00000000e0000000, 0x00000000e0f20000, 0x00000000e0f20000)
  from space 1920K,   1% used [0x00000000e1100000, 0x00000000e11073e8, 0x00000000e12e0000)
  to   space 1920K,   0% used [0x00000000e0f20000, 0x00000000e0f20000, 0x00000000e1100000)
 tenured generation   total 38376K, used 30892K [0x00000000eaaa0000, 0x00000000ed01a000, 0x0000000100000000)
   the space 38376K,  80% used [0x00000000eaaa0000, 0x00000000ec8cb160, 0x00000000ec8cb200, 0x00000000ed01a000)
 Metaspace       used 62958K, committed 63488K, reserved 1105920K
  class space    used 9330K, committed 9600K, reserved 1048576K
}
Event: 7833.359 GC heap after
{Heap after GC invocations=65 (full 3):
 def new generation   total 17408K, used 29K [0x00000000e0000000, 0x00000000e12e0000, 0x00000000eaaa0000)
  eden space 15488K,   0% used [0x00000000e0000000, 0x00000000e0000000, 0x00000000e0f20000)
  from space 1920K,   1% used [0x00000000e0f20000, 0x00000000e0f27578, 0x00000000e1100000)
  to   space 1920K,   0% used [0x00000000e1100000, 0x00000000e1100000, 0x00000000e12e0000)
 tenured generation   total 38376K, used 30892K [0x00000000eaaa0000, 0x00000000ed01a000, 0x0000000100000000)
   the space 38376K,  80% used [0x00000000eaaa0000, 0x00000000ec8cb160, 0x00000000ec8cb200, 0x00000000ed01a000)
 Metaspace       used 62958K, committed 63488K, reserved 1105920K
  class space    used 9330K, committed 9600K, reserved 1048576K
}
Event: 8433.076 GC heap before
{Heap before GC invocations=65 (full 3):
 def new generation   total 17408K, used 15517K [0x00000000e0000000, 0x00000000e12e0000, 0x00000000eaaa0000)
  eden space 15488K, 100% used [0x00000000e0000000, 0x00000000e0f20000, 0x00000000e0f20000)
  from space 1920K,   1% used [0x00000000e0f20000, 0x00000000e0f27578, 0x00000000e1100000)
  to   space 1920K,   0% used [0x00000000e1100000, 0x00000000e1100000, 0x00000000e12e0000)
 tenured generation   total 38376K, used 30892K [0x00000000eaaa0000, 0x00000000ed01a000, 0x0000000100000000)
   the space 38376K,  80% used [0x00000000eaaa0000, 0x00000000ec8cb160, 0x00000000ec8cb200, 0x00000000ed01a000)
 Metaspace       used 62961K, committed 63488K, reserved 1105920K
  class space    used 9330K, committed 9600K, reserved 1048576K
}
Event: 8433.078 GC heap after
{Heap after GC invocations=66 (full 3):
 def new generation   total 17408K, used 30K [0x00000000e0000000, 0x00000000e12e0000, 0x00000000eaaa0000)
  eden space 15488K,   0% used [0x00000000e0000000, 0x00000000e0000000, 0x00000000e0f20000)
  from space 1920K,   1% used [0x00000000e1100000, 0x00000000e11079c0, 0x00000000e12e0000)
  to   space 1920K,   0% used [0x00000000e0f20000, 0x00000000e0f20000, 0x00000000e1100000)
 tenured generation   total 38376K, used 30892K [0x00000000eaaa0000, 0x00000000ed01a000, 0x0000000100000000)
   the space 38376K,  80% used [0x00000000eaaa0000, 0x00000000ec8cb370, 0x00000000ec8cb400, 0x00000000ed01a000)
 Metaspace       used 62961K, committed 63488K, reserved 1105920K
  class space    used 9330K, committed 9600K, reserved 1048576K
}

