# JRE version: OpenJDK Runtime Environment Temurin-17.0.4.1+1 (17.0.4.1+1) (build 17.0.4.1+1)
# Java VM: OpenJDK 64-Bit Server VM Temurin-17.0.4.1+1 (17.0.4.1+1, mixed mode, sharing, tiered, compressed oops, compressed class ptrs, g1 gc, linux-amd64)
GC Precious Log:
 CPUs: 4 total, 3 available
 Memory: 32085M
 Large Page Support: Disabled
 NUMA Support: Disabled
 Compressed Oops: Enabled (32-bit)
 Heap Region Size: 1M
 Heap Min Capacity: 8M
 Heap Initial Capacity: 502M
 Heap Max Capacity: 512M
 Pre-touch: Disabled
 Parallel Workers: 3
 Concurrent Workers: 1
 Concurrent Refinement Workers: 3
 Periodic GC: Disabled
Heap:
 garbage-first heap   total 68608K, used 45866K [0x00000000e0000000, 0x0000000100000000)
  region size 1024K, 16 young (16384K), 3 survivors (3072K)
 Metaspace       used 59954K, committed 60480K, reserved 1105920K
  class space    used 8941K, committed 9216K, reserved 1048576K
GC Heap History (20 events):
Event: 31.689 GC heap before
{Heap before GC invocations=2 (full 0):
 garbage-first heap   total 516096K, used 18930K [0x00000000e0000000, 0x0000000100000000)
  region size 1024K, 8 young (8192K), 4 survivors (4096K)
 Metaspace       used 21257K, committed 21504K, reserved 1073152K
  class space    used 2633K, committed 2752K, reserved 1048576K
}
Event: 31.722 GC heap after
{Heap after GC invocations=3 (full 0):
 garbage-first heap   total 516096K, used 16415K [0x00000000e0000000, 0x0000000100000000)
  region size 1024K, 1 young (1024K), 1 survivors (1024K)
 Metaspace       used 21257K, committed 21504K, reserved 1073152K
  class space    used 2633K, committed 2752K, reserved 1048576K
}
Event: 35.787 GC heap before
{Heap before GC invocations=4 (full 0):
 garbage-first heap   total 65536K, used 51231K [0x00000000e0000000, 0x0000000100000000)
  region size 1024K, 36 young (36864K), 1 survivors (1024K)
 Metaspace       used 27364K, committed 27648K, reserved 1081344K
  class space    used 3329K, committed 3456K, reserved 1048576K
}
Event: 35.795 GC heap after
{Heap after GC invocations=5 (full 0):
 garbage-first heap   total 65536K, used 13409K [0x00000000e0000000, 0x0000000100000000)
  region size 1024K, 2 young (2048K), 2 survivors (2048K)
 Metaspace       used 27364K, committed 27648K, reserved 1081344K
  class space    used 3329K, committed 3456K, reserved 1048576K
}
Event: 35.831 GC heap before
{Heap before GC invocations=5 (full 0):
 garbage-first heap   total 65536K, used 13409K [0x00000000e0000000, 0x0000000100000000)
  region size 1024K, 3 young (3072K), 2 survivors (2048K)
 Metaspace       used 27645K, committed 27904K, reserved 1081344K
  class space    used 3375K, committed 3456K, reserved 1048576K
}
Event: 35.846 GC heap after
{Heap after GC invocations=6 (full 0):
 garbage-first heap   total 65536K, used 13437K [0x00000000e0000000, 0x0000000100000000)
  region size 1024K, 1 young (1024K), 1 survivors (1024K)
 Metaspace       used 27645K, committed 27904K, reserved 1081344K
  class space    used 3375K, committed 3456K, reserved 1048576K
}
Event: 39.621 GC heap before
{Heap before GC invocations=6 (full 0):
 garbage-first heap   total 65536K, used 44157K [0x00000000e0000000, 0x0000000100000000)
  region size 1024K, 32 young (32768K), 1 survivors (1024K)
 Metaspace       used 35940K, committed 36288K, reserved 1081344K
  class space    used 4591K, committed 4736K, reserved 1048576K
}
Event: 39.690 GC heap after
{Heap after GC invocations=7 (full 0):
 garbage-first heap   total 65536K, used 15918K [0x00000000e0000000, 0x0000000100000000)
  region size 1024K, 3 young (3072K), 3 survivors (3072K)
 Metaspace       used 35940K, committed 36288K, reserved 1081344K
  class space    used 4591K, committed 4736K, reserved 1048576K
}
Event: 41.410 GC heap before
{Heap before GC invocations=8 (full 0):
 garbage-first heap   total 65536K, used 46638K [0x00000000e0000000, 0x0000000100000000)
  region size 1024K, 34 young (34816K), 3 survivors (3072K)
 Metaspace       used 39829K, committed 40320K, reserved 1089536K
  class space    used 5194K, committed 5440K, reserved 1048576K
}
Event: 41.472 GC heap after
{Heap after GC invocations=9 (full 0):
 garbage-first heap   total 65536K, used 20527K [0x00000000e0000000, 0x0000000100000000)
  region size 1024K, 5 young (5120K), 5 survivors (5120K)
 Metaspace       used 39829K, committed 40320K, reserved 1089536K
  class space    used 5194K, committed 5440K, reserved 1048576K
}
Event: 42.620 GC heap before
{Heap before GC invocations=10 (full 0):
 garbage-first heap   total 68608K, used 45103K [0x00000000e0000000, 0x0000000100000000)
  region size 1024K, 30 young (30720K), 5 survivors (5120K)
 Metaspace       used 42202K, committed 42688K, reserved 1089536K
  class space    used 5557K, committed 5760K, reserved 1048576K
}
Event: 42.668 GC heap after
{Heap after GC invocations=11 (full 0):
 garbage-first heap   total 68608K, used 21911K [0x00000000e0000000, 0x0000000100000000)
  region size 1024K, 2 young (2048K), 2 survivors (2048K)
 Metaspace       used 42202K, committed 42688K, reserved 1089536K
  class space    used 5557K, committed 5760K, reserved 1048576K
}
Event: 45.110 GC heap before
{Heap before GC invocations=11 (full 0):
 garbage-first heap   total 68608K, used 49559K [0x00000000e0000000, 0x0000000100000000)
  region size 1024K, 30 young (30720K), 2 survivors (2048K)
 Metaspace       used 47107K, committed 47616K, reserved 1097728K
  class space    used 6463K, committed 6720K, reserved 1048576K
}
Event: 45.148 GC heap after
{Heap after GC invocations=12 (full 0):
 garbage-first heap   total 68608K, used 26384K [0x00000000e0000000, 0x0000000100000000)
  region size 1024K, 4 young (4096K), 4 survivors (4096K)
 Metaspace       used 47107K, committed 47616K, reserved 1097728K
  class space    used 6463K, committed 6720K, reserved 1048576K
}
Event: 47.112 GC heap before
{Heap before GC invocations=12 (full 0):
 garbage-first heap   total 68608K, used 49936K [0x00000000e0000000, 0x0000000100000000)
  region size 1024K, 27 young (27648K), 4 survivors (4096K)
 Metaspace       used 51072K, committed 51584K, reserved 1097728K
  class space    used 7475K, committed 7680K, reserved 1048576K
}
Event: 47.192 GC heap after
{Heap after GC invocations=13 (full 0):
 garbage-first heap   total 68608K, used 28855K [0x00000000e0000000, 0x0000000100000000)
  region size 1024K, 3 young (3072K), 3 survivors (3072K)
 Metaspace       used 51072K, committed 51584K, reserved 1097728K
  class space    used 7475K, committed 7680K, reserved 1048576K
}
Event: 48.829 GC heap before
{Heap before GC invocations=13 (full 0):
 garbage-first heap   total 68608K, used 50359K [0x00000000e0000000, 0x0000000100000000)
  region size 1024K, 24 young (24576K), 3 survivors (3072K)
 Metaspace       used 55019K, committed 55488K, reserved 1097728K
  class space    used 8283K, committed 8512K, reserved 1048576K
}
Event: 48.850 GC heap after
{Heap after GC invocations=14 (full 0):
 garbage-first heap   total 68608K, used 29895K [0x00000000e0000000, 0x0000000100000000)
  region size 1024K, 2 young (2048K), 2 survivors (2048K)
 Metaspace       used 55019K, committed 55488K, reserved 1097728K
  class space    used 8283K, committed 8512K, reserved 1048576K
}
Event: 52.850 GC heap before
{Heap before GC invocations=14 (full 0):
 garbage-first heap   total 68608K, used 52423K [0x00000000e0000000, 0x0000000100000000)
  region size 1024K, 24 young (24576K), 2 survivors (2048K)
 Metaspace       used 59392K, committed 59904K, reserved 1105920K
  class space    used 8833K, committed 9088K, reserved 1048576K
}
Event: 52.913 GC heap after
{Heap after GC invocations=15 (full 0):
 garbage-first heap   total 68608K, used 31530K [0x00000000e0000000, 0x0000000100000000)
  region size 1024K, 3 young (3072K), 3 survivors (3072K)
 Metaspace       used 59392K, committed 59904K, reserved 1105920K
  class space    used 8833K, committed 9088K, reserved 1048576K
}

