# JRE version: OpenJDK Runtime Environment Temurin-17.0.4.1+1 (17.0.4.1+1) (build 17.0.4.1+1)
# Java VM: OpenJDK 64-Bit Server VM Temurin-17.0.4.1+1 (17.0.4.1+1, mixed mode, sharing, tiered, compressed oops, compressed class ptrs, serial gc, linux-amd64)
GC Precious Log:
 CPUs: 4 total, 1 available
 Memory: 1024M
 Large Page Support: Disabled
 NUMA Support: Disabled
 Compressed Oops: Enabled (32-bit)
 Heap Min Capacity: 8M
 Heap Initial Capacity: 16M
 Heap Max Capacity: 512M
 Pre-touch: Disabled
Heap:
 def new generation   total 16896K, used 13029K [0x00000000e0000000, 0x00000000e1250000, 0x00000000eaaa0000)
  eden space 15040K,  84% used [0x00000000e0000000, 0x00000000e0c6c320, 0x00000000e0eb0000)
  from space 1856K,  16% used [0x00000000e0eb0000, 0x00000000e0efd428, 0x00000000e1080000)
  to   space 1856K,   0% used [0x00000000e1080000, 0x00000000e1080000, 0x00000000e1250000)
 tenured generation   total 37280K, used 29112K [0x00000000eaaa0000, 0x00000000ecf08000, 0x0000000100000000)
   the space 37280K,  78% used [0x00000000eaaa0000, 0x00000000ec70e000, 0x00000000ec70e000, 0x00000000ecf08000)
 Metaspace       used 59447K, committed 59968K, reserved 1105920K
  class space    used 8848K, committed 9088K, reserved 1048576K
GC Heap History (20 events):
Event: 32.686 GC heap before
{Heap before GC invocations=27 (full 2):
 def new generation   total 9920K, used 9114K [0x00000000e0000000, 0x00000000e0ac0000, 0x00000000eaaa0000)
  eden space 8832K, 100% used [0x00000000e0000000, 0x00000000e08a0000, 0x00000000e08a0000)
  from space 1088K,  25% used [0x00000000e08a0000, 0x00000000e08e6a28, 0x00000000e09b0000)
  to   space 1088K,   0% used [0x00000000e09b0000, 0x00000000e09b0000, 0x00000000e0ac0000)
 tenured generation   total 21984K, used 19789K [0x00000000eaaa0000, 0x00000000ec018000, 0x0000000100000000)
   the space 21984K,  90% used [0x00000000eaaa0000, 0x00000000ebdf3780, 0x00000000ebdf3800, 0x00000000ec018000)
 Metaspace       used 41221K, committed 41728K, reserved 1089536K
  class space    used 5449K, committed 5696K, reserved 1048576K
}
Event: 32.689 GC heap after
{Heap after GC invocations=28 (full 2):
 def new generation   total 9920K, used 475K [0x00000000e0000000, 0x00000000e0ac0000, 0x00000000eaaa0000)
  eden space 8832K,   0% used [0x00000000e0000000, 0x00000000e0000000, 0x00000000e08a0000)
  from space 1088K,  43% used [0x00000000e09b0000, 0x00000000e0a26f00, 0x00000000e0ac0000)
  to   space 1088K,   0% used [0x00000000e08a0000, 0x00000000e08a0000, 0x00000000e09b0000)
 tenured generation   total 21984K, used 19789K [0x00000000eaaa0000, 0x00000000ec018000, 0x0000000100000000)
   the space 21984K,  90% used [0x00000000eaaa0000, 0x00000000ebdf3780, 0x00000000ebdf3800, 0x00000000ec018000)
 Metaspace       used 41221K, committed 41728K, reserved 1089536K
  class space    used 5449K, committed 5696K, reserved 1048576K
}
Event: 33.683 GC heap before
{Heap before GC invocations=28 (full 2):
 def new generation   total 9920K, used 9307K [0x00000000e0000000, 0x00000000e0ac0000, 0x00000000eaaa0000)
  eden space 8832K, 100% used [0x00000000e0000000, 0x00000000e08a0000, 0x00000000e08a0000)
  from space 1088K,  43% used [0x00000000e09b0000, 0x00000000e0a26f00, 0x00000000e0ac0000)
  to   space 1088K,   0% used [0x00000000e08a0000, 0x00000000e08a0000, 0x00000000e09b0000)
 tenured generation   total 21984K, used 19789K [0x00000000eaaa0000, 0x00000000ec018000, 0x0000000100000000)
   the space 21984K,  90% used [0x00000000eaaa0000, 0x00000000ebdf3780, 0x00000000ebdf3800, 0x00000000ec018000)
 Metaspace       used 42486K, committed 43008K, reserved 1089536K
  class space    used 5627K, committed 5888K, reserved 1048576K
}
Event: 33.702 GC heap after
{Heap after GC invocations=29 (full 2):
 def new generation   total 9920K, used 1087K [0x00000000e0000000, 0x00000000e0ac0000, 0x00000000eaaa0000)
  eden space 8832K,   0% used [0x00000000e0000000, 0x00000000e0000000, 0x00000000e08a0000)
  from space 1088K,  99% used [0x00000000e08a0000, 0x00000000e09afff8, 0x00000000e09b0000)
  to   space 1088K,   0% used [0x00000000e09b0000, 0x00000000e09b0000, 0x00000000e0ac0000)
 tenured generation   total 21984K, used 21164K [0x00000000eaaa0000, 0x00000000ec018000, 0x0000000100000000)
   the space 21984K,  96% used [0x00000000eaaa0000, 0x00000000ebf4b2e8, 0x00000000ebf4b400, 0x00000000ec018000)
 Metaspace       used 42486K, committed 43008K, reserved 1089536K
  class space    used 5627K, committed 5888K, reserved 1048576K
}
Event: 34.487 GC heap before
{Heap before GC invocations=29 (full 2):
 def new generation   total 9920K, used 9919K [0x00000000e0000000, 0x00000000e0ac0000, 0x00000000eaaa0000)
  eden space 8832K, 100% used [0x00000000e0000000, 0x00000000e08a0000, 0x00000000e08a0000)
  from space 1088K,  99% used [0x00000000e08a0000, 0x00000000e09afff8, 0x00000000e09b0000)
  to   space 1088K,   0% used [0x00000000e09b0000, 0x00000000e09b0000, 0x00000000e0ac0000)
 tenured generation   total 21984K, used 21164K [0x00000000eaaa0000, 0x00000000ec018000, 0x0000000100000000)
   the space 21984K,  96% used [0x00000000eaaa0000, 0x00000000ebf4b2e8, 0x00000000ebf4b400, 0x00000000ec018000)
 Metaspace       used 44401K, committed 44864K, reserved 1089536K
  class space    used 5937K, committed 6144K, reserved 1048576K
}
Event: 34.492 GC heap after
{Heap after GC invocations=30 (full 2):
 def new generation   total 9920K, used 646K [0x00000000e0000000, 0x00000000e0ac0000, 0x00000000eaaa0000)
  eden space 8832K,   0% used [0x00000000e0000000, 0x00000000e0000000, 0x00000000e08a0000)
  from space 1088K,  59% used [0x00000000e09b0000, 0x00000000e0a51950, 0x00000000e0ac0000)
  to   space 1088K,   0% used [0x00000000e08a0000, 0x00000000e08a0000, 0x00000000e09b0000)
 tenured generation   total 22368K, used 22245K [0x00000000eaaa0000, 0x00000000ec078000, 0x0000000100000000)
   the space 22368K,  99% used [0x00000000eaaa0000, 0x00000000ec059518, 0x00000000ec059600, 0x00000000ec078000)
 Metaspace       used 44401K, committed 44864K, reserved 1089536K
  class space    used 5937K, committed 6144K, reserved 1048576K
}
Event: 34.492 GC heap before
{Heap before GC invocations=30 (full 2):
 def new generation   total 9920K, used 646K [0x00000000e0000000, 0x00000000e0ac0000, 0x00000000eaaa0000)
  eden space 8832K,   0% used [0x00000000e0000000, 0x00000000e0000000, 0x00000000e08a0000)
  from space 1088K,  59% used [0x00000000e09b0000, 0x00000000e0a51950, 0x00000000e0ac0000)
  to   space 1088K,   0% used [0x00000000e08a0000, 0x00000000e08a0000, 0x00000000e09b0000)
 tenured generation   total 22368K, used 22245K [0x00000000eaaa0000, 0x00000000ec078000, 0x0000000100000000)
   the space 22368K,  99% used [0x00000000eaaa0000, 0x00000000ec059518, 0x00000000ec059600, 0x00000000ec078000)
 Metaspace       used 44401K, committed 44864K, reserved 1089536K
  class space    used 5937K, committed 6144K, reserved 1048576K
}
Event: 34.601 GC heap after
{Heap after GC invocations=30 (full 3):
 def new generation   total 16896K, used 248K [0x00000000e0000000, 0x00000000e1250000, 0x00000000eaaa0000)
  eden space 15040K,   1% used [0x00000000e0000000, 0x00000000e003e290, 0x00000000e0eb0000)
  from space 1856K,   0% used [0x00000000e0eb0000, 0x00000000e0eb0000, 0x00000000e1080000)
  to   space 1856K,   0% used [0x00000000e1080000, 0x00000000e1080000, 0x00000000e1250000)
 tenured generation   total 37280K, used 22367K [0x00000000eaaa0000, 0x00000000ecf08000, 0x0000000100000000)
   the space 37280K,  59% used [0x00000000eaaa0000, 0x00000000ec077ff8, 0x00000000ec078000, 0x00000000ecf08000)
 Metaspace       used 44401K, committed 44864K, reserved 1089536K
  class space    used 5937K, committed 6144K, reserved 1048576K
}
Event: 36.207 GC heap before
{Heap before GC invocations=30 (full 3):
 def new generation   total 16896K, used 15040K [0x00000000e0000000, 0x00000000e1250000, 0x00000000eaaa0000)
  eden space 15040K, 100% used [0x00000000e0000000, 0x00000000e0eb0000, 0x00000000e0eb0000)
  from space 1856K,   0% used [0x00000000e0eb0000, 0x00000000e0eb0000, 0x00000000e1080000)
  to   space 1856K,   0% used [0x00000000e1080000, 0x00000000e1080000, 0x00000000e1250000)
 tenured generation   total 37280K, used 22367K [0x00000000eaaa0000, 0x00000000ecf08000, 0x0000000100000000)
   the space 37280K,  59% used [0x00000000eaaa0000, 0x00000000ec077ff8, 0x00000000ec078000, 0x00000000ecf08000)
 Metaspace       used 46866K, committed 47360K, reserved 1097728K
  class space    used 6366K, committed 6592K, reserved 1048576K
}
Event: 36.288 GC heap after
{Heap after GC invocations=31 (full 3):
 def new generation   total 16896K, used 1856K [0x00000000e0000000, 0x00000000e1250000, 0x00000000eaaa0000)
  eden space 15040K,   0% used [0x00000000e0000000, 0x00000000e0000000, 0x00000000e0eb0000)
  from space 1856K, 100% used [0x00000000e1080000, 0x00000000e1250000, 0x00000000e1250000)
  to   space 1856K,   0% used [0x00000000e0eb0000, 0x00000000e0eb0000, 0x00000000e1080000)
 tenured generation   total 37280K, used 22898K [0x00000000eaaa0000, 0x00000000ecf08000, 0x0000000100000000)
   the space 37280K,  61% used [0x00000000eaaa0000, 0x00000000ec0fc988, 0x00000000ec0fca00, 0x00000000ecf08000)
 Metaspace       used 46866K, committed 47360K, reserved 1097728K
  class space    used 6366K, committed 6592K, reserved 1048576K
}
Event: 37.601 GC heap before
{Heap before GC invocations=31 (full 3):
 def new generation   total 16896K, used 16896K [0x00000000e0000000, 0x00000000e1250000, 0x00000000eaaa0000)
  eden space 15040K, 100% used [0x00000000e0000000, 0x00000000e0eb0000, 0x00000000e0eb0000)
  from space 1856K, 100% used [0x00000000e1080000, 0x00000000e1250000, 0x00000000e1250000)
  to   space 1856K,   0% used [0x00000000e0eb0000, 0x00000000e0eb0000, 0x00000000e1080000)
 tenured generation   total 37280K, used 22898K [0x00000000eaaa0000, 0x00000000ecf08000, 0x0000000100000000)
   the space 37280K,  61% used [0x00000000eaaa0000, 0x00000000ec0fc988, 0x00000000ec0fca00, 0x00000000ecf08000)
 Metaspace       used 49436K, committed 49920K, reserved 1097728K
  class space    used 6992K, committed 7232K, reserved 1048576K
}
Event: 37.613 GC heap after
{Heap after GC invocations=32 (full 3):
 def new generation   total 16896K, used 1322K [0x00000000e0000000, 0x00000000e1250000, 0x00000000eaaa0000)
  eden space 15040K,   0% used [0x00000000e0000000, 0x00000000e0000000, 0x00000000e0eb0000)
  from space 1856K,  71% used [0x00000000e0eb0000, 0x00000000e0ffa940, 0x00000000e1080000)
  to   space 1856K,   0% used [0x00000000e1080000, 0x00000000e1080000, 0x00000000e1250000)
 tenured generation   total 37280K, used 24738K [0x00000000eaaa0000, 0x00000000ecf08000, 0x0000000100000000)
   the space 37280K,  66% used [0x00000000eaaa0000, 0x00000000ec2c8878, 0x00000000ec2c8a00, 0x00000000ecf08000)
 Metaspace       used 49436K, committed 49920K, reserved 1097728K
  class space    used 6992K, committed 7232K, reserved 1048576K
}
Event: 38.802 GC heap before
{Heap before GC invocations=32 (full 3):
 def new generation   total 16896K, used 16362K [0x00000000e0000000, 0x00000000e1250000, 0x00000000eaaa0000)
  eden space 15040K, 100% used [0x00000000e0000000, 0x00000000e0eb0000, 0x00000000e0eb0000)
  from space 1856K,  71% used [0x00000000e0eb0000, 0x00000000e0ffa940, 0x00000000e1080000)
  to   space 1856K,   0% used [0x00000000e1080000, 0x00000000e1080000, 0x00000000e1250000)
 tenured generation   total 37280K, used 24738K [0x00000000eaaa0000, 0x00000000ecf08000, 0x0000000100000000)
   the space 37280K,  66% used [0x00000000eaaa0000, 0x00000000ec2c8878, 0x00000000ec2c8a00, 0x00000000ecf08000)
 Metaspace       used 51792K, committed 52288K, reserved 1097728K
  class space    used 7639K, committed 7872K, reserved 1048576K
}
Event: 38.809 GC heap after
{Heap after GC invocations=33 (full 3):
 def new generation   total 16896K, used 1162K [0x00000000e0000000, 0x00000000e1250000, 0x00000000eaaa0000)
  eden space 15040K,   0% used [0x00000000e0000000, 0x00000000e0000000, 0x00000000e0eb0000)
  from space 1856K,  62% used [0x00000000e1080000, 0x00000000e11a2898, 0x00000000e1250000)
  to   space 1856K,   0% used [0x00000000e0eb0000, 0x00000000e0eb0000, 0x00000000e1080000)
 tenured generation   total 37280K, used 25991K [0x00000000eaaa0000, 0x00000000ecf08000, 0x0000000100000000)
   the space 37280K,  69% used [0x00000000eaaa0000, 0x00000000ec401e08, 0x00000000ec402000, 0x00000000ecf08000)
 Metaspace       used 51792K, committed 52288K, reserved 1097728K
  class space    used 7639K, committed 7872K, reserved 1048576K
}
Event: 40.382 GC heap before
{Heap before GC invocations=33 (full 3):
 def new generation   total 16896K, used 16202K [0x00000000e0000000, 0x00000000e1250000, 0x00000000eaaa0000)
  eden space 15040K, 100% used [0x00000000e0000000, 0x00000000e0eb0000, 0x00000000e0eb0000)
  from space 1856K,  62% used [0x00000000e1080000, 0x00000000e11a2898, 0x00000000e1250000)
  to   space 1856K,   0% used [0x00000000e0eb0000, 0x00000000e0eb0000, 0x00000000e1080000)
 tenured generation   total 37280K, used 25991K [0x00000000eaaa0000, 0x00000000ecf08000, 0x0000000100000000)
   the space 37280K,  69% used [0x00000000eaaa0000, 0x00000000ec401e08, 0x00000000ec402000, 0x00000000ecf08000)
 Metaspace       used 54611K, committed 55040K, reserved 1097728K
  class space    used 8193K, committed 8384K, reserved 1048576K
}
Event: 40.387 GC heap after
{Heap after GC invocations=34 (full 3):
 def new generation   total 16896K, used 827K [0x00000000e0000000, 0x00000000e1250000, 0x00000000eaaa0000)
  eden space 15040K,   0% used [0x00000000e0000000, 0x00000000e0000000, 0x00000000e0eb0000)
  from space 1856K,  44% used [0x00000000e0eb0000, 0x00000000e0f7ef08, 0x00000000e1080000)
  to   space 1856K,   0% used [0x00000000e1080000, 0x00000000e1080000, 0x00000000e1250000)
 tenured generation   total 37280K, used 27079K [0x00000000eaaa0000, 0x00000000ecf08000, 0x0000000100000000)
   the space 37280K,  72% used [0x00000000eaaa0000, 0x00000000ec511e48, 0x00000000ec512000, 0x00000000ecf08000)
 Metaspace       used 54611K, committed 55040K, reserved 1097728K
  class space    used 8193K, committed 8384K, reserved 1048576K
}
Event: 42.885 GC heap before
{Heap before GC invocations=34 (full 3):
 def new generation   total 16896K, used 15867K [0x00000000e0000000, 0x00000000e1250000, 0x00000000eaaa0000)
  eden space 15040K, 100% used [0x00000000e0000000, 0x00000000e0eb0000, 0x00000000e0eb0000)
  from space 1856K,  44% used [0x00000000e0eb0000, 0x00000000e0f7ef08, 0x00000000e1080000)
  to   space 1856K,   0% used [0x00000000e1080000, 0x00000000e1080000, 0x00000000e1250000)
 tenured generation   total 37280K, used 27079K [0x00000000eaaa0000, 0x00000000ecf08000, 0x0000000100000000)
   the space 37280K,  72% used [0x00000000eaaa0000, 0x00000000ec511e48, 0x00000000ec512000, 0x00000000ecf08000)
 Metaspace       used 58352K, committed 58880K, reserved 1105920K
  class space    used 8698K, committed 8960K, reserved 1048576K
}
Event: 42.891 GC heap after
{Heap after GC invocations=35 (full 3):
 def new generation   total 16896K, used 1855K [0x00000000e0000000, 0x00000000e1250000, 0x00000000eaaa0000)
  eden space 15040K,   0% used [0x00000000e0000000, 0x00000000e0000000, 0x00000000e0eb0000)
  from space 1856K,  99% used [0x00000000e1080000, 0x00000000e124fff8, 0x00000000e1250000)
  to   space 1856K,   0% used [0x00000000e0eb0000, 0x00000000e0eb0000, 0x00000000e1080000)
 tenured generation   total 37280K, used 27360K [0x00000000eaaa0000, 0x00000000ecf08000, 0x0000000100000000)
   the space 37280K,  73% used [0x00000000eaaa0000, 0x00000000ec558300, 0x00000000ec558400, 0x00000000ecf08000)
 Metaspace       used 58352K, committed 58880K, reserved 1105920K
  class space    used 8698K, committed 8960K, reserved 1048576K
}
Event: 43.586 GC heap before
{Heap before GC invocations=35 (full 3):
 def new generation   total 16896K, used 16895K [0x00000000e0000000, 0x00000000e1250000, 0x00000000eaaa0000)
  eden space 15040K, 100% used [0x00000000e0000000, 0x00000000e0eb0000, 0x00000000e0eb0000)
  from space 1856K,  99% used [0x00000000e1080000, 0x00000000e124fff8, 0x00000000e1250000)
  to   space 1856K,   0% used [0x00000000e0eb0000, 0x00000000e0eb0000, 0x00000000e1080000)
 tenured generation   total 37280K, used 27360K [0x00000000eaaa0000, 0x00000000ecf08000, 0x0000000100000000)
   the space 37280K,  73% used [0x00000000eaaa0000, 0x00000000ec558300, 0x00000000ec558400, 0x00000000ecf08000)
 Metaspace       used 59247K, committed 59712K, reserved 1105920K
  class space    used 8840K, committed 9088K, reserved 1048576K
}
Event: 43.591 GC heap after
{Heap after GC invocations=36 (full 3):
 def new generation   total 16896K, used 309K [0x00000000e0000000, 0x00000000e1250000, 0x00000000eaaa0000)
  eden space 15040K,   0% used [0x00000000e0000000, 0x00000000e0000000, 0x00000000e0eb0000)
  from space 1856K,  16% used [0x00000000e0eb0000, 0x00000000e0efd428, 0x00000000e1080000)
  to   space 1856K,   0% used [0x00000000e1080000, 0x00000000e1080000, 0x00000000e1250000)
 tenured generation   total 37280K, used 29112K [0x00000000eaaa0000, 0x00000000ecf08000, 0x0000000100000000)
   the space 37280K,  78% used [0x00000000eaaa0000, 0x00000000ec70e000, 0x00000000ec70e000, 0x00000000ecf08000)
 Metaspace       used 59247K, committed 59712K, reserved 1105920K
  class space    used 8840K, committed 9088K, reserved 1048576K
}

