# JRE version: OpenJDK Runtime Environment (8.0_345-b01) (build 1.8.0_345-b01)
# Java VM: OpenJDK 64-Bit Server VM (25.345-b01 mixed mode linux-amd64 compressed oops)
Heap:
 PSYoungGen      total 38400K, used 14940K [0x00000000fd580000, 0x0000000100000000, 0x0000000100000000)
  eden space 33280K, 44% used [0x00000000fd580000,0x00000000fe4171a8,0x00000000ff600000)
  from space 5120K, 0% used [0x00000000ffb00000,0x00000000ffb00000,0x0000000100000000)
  to   space 5120K, 0% used [0x00000000ff600000,0x00000000ff600000,0x00000000ffb00000)
 ParOldGen       total 66048K, used 7401K [0x00000000f8000000, 0x00000000fc080000, 0x00000000fd580000)
  object space 66048K, 11% used [0x00000000f8000000,0x00000000f873a738,0x00000000fc080000)
 Metaspace       used 24671K, capacity 25670K, committed 25856K, reserved 1071104K
  class space    used 3131K, capacity 3301K, committed 3328K, reserved 1048576K
GC Heap History (6 events):
Event: 15.383 GC heap before
{Heap before GC invocations=1 (full 0):
 PSYoungGen      total 38400K, used 33280K [0x00000000fd580000, 0x0000000100000000, 0x0000000100000000)
  eden space 33280K, 100% used [0x00000000fd580000,0x00000000ff600000,0x00000000ff600000)
  from space 5120K, 0% used [0x00000000ffb00000,0x00000000ffb00000,0x0000000100000000)
  to   space 5120K, 0% used [0x00000000ff600000,0x00000000ff600000,0x00000000ffb00000)
 ParOldGen       total 87552K, used 0K [0x00000000f8000000, 0x00000000fd580000, 0x00000000fd580000)
  object space 87552K, 0% used [0x00000000f8000000,0x00000000f8000000,0x00000000fd580000)
 Metaspace       used 15282K, capacity 15580K, committed 15872K, reserved 1062912K
  class space    used 1874K, capacity 1958K, committed 2048K, reserved 1048576K
Event: 15.479 GC heap after
Heap after GC invocations=1 (full 0):
 PSYoungGen      total 38400K, used 5088K [0x00000000fd580000, 0x0000000100000000, 0x0000000100000000)
  eden space 33280K, 0% used [0x00000000fd580000,0x00000000fd580000,0x00000000ff600000)
  from space 5120K, 99% used [0x00000000ff600000,0x00000000ffaf83d8,0x00000000ffb00000)
  to   space 5120K, 0% used [0x00000000ffb00000,0x00000000ffb00000,0x0000000100000000)
 ParOldGen       total 87552K, used 3943K [0x00000000f8000000, 0x00000000fd580000, 0x00000000fd580000)
  object space 87552K, 4% used [0x00000000f8000000,0x00000000f83d9f18,0x00000000fd580000)
 Metaspace       used 15282K, capacity 15580K, committed 15872K, reserved 1062912K
  class space    used 1874K, capacity 1958K, committed 2048K, reserved 1048576K
}
Event: 24.272 GC heap before
{Heap before GC invocations=2 (full 0):
 PSYoungGen      total 38400K, used 24997K [0x00000000fd580000, 0x0000000100000000, 0x0000000100000000)
  eden space 33280K, 59% used [0x00000000fd580000,0x00000000fe8f1260,0x00000000ff600000)
  from space 5120K, 99% used [0x00000000ff600000,0x00000000ffaf83d8,0x00000000ffb00000)
  to   space 5120K, 0% used [0x00000000ffb00000,0x00000000ffb00000,0x0000000100000000)
 ParOldGen       total 87552K, used 3943K [0x00000000f8000000, 0x00000000fd580000, 0x00000000fd580000)
  object space 87552K, 4% used [0x00000000f8000000,0x00000000f83d9f18,0x00000000fd580000)
 Metaspace       used 20670K, capacity 21018K, committed 21248K, reserved 1067008K
  class space    used 2576K, capacity 2691K, committed 2816K, reserved 1048576K
Event: 24.386 GC heap after
Heap after GC invocations=2 (full 0):
 PSYoungGen      total 38400K, used 5106K [0x00000000fd580000, 0x0000000100000000, 0x0000000100000000)
  eden space 33280K, 0% used [0x00000000fd580000,0x00000000fd580000,0x00000000ff600000)
  from space 5120K, 99% used [0x00000000ffb00000,0x00000000ffffc870,0x0000000100000000)
  to   space 5120K, 0% used [0x00000000ff600000,0x00000000ff600000,0x00000000ffb00000)
 ParOldGen       total 87552K, used 6433K [0x00000000f8000000, 0x00000000fd580000, 0x00000000fd580000)
  object space 87552K, 7% used [0x00000000f8000000,0x00000000f8648418,0x00000000fd580000)
 Metaspace       used 20670K, capacity 21018K, committed 21248K, reserved 1067008K
  class space    used 2576K, capacity 2691K, committed 2816K, reserved 1048576K
}
Event: 24.386 GC heap before
{Heap before GC invocations=3 (full 1):
 PSYoungGen      total 38400K, used 5106K [0x00000000fd580000, 0x0000000100000000, 0x0000000100000000)
  eden space 33280K, 0% used [0x00000000fd580000,0x00000000fd580000,0x00000000ff600000)
  from space 5120K, 99% used [0x00000000ffb00000,0x00000000ffffc870,0x0000000100000000)
  to   space 5120K, 0% used [0x00000000ff600000,0x00000000ff600000,0x00000000ffb00000)
 ParOldGen       total 87552K, used 6433K [0x00000000f8000000, 0x00000000fd580000, 0x00000000fd580000)
  object space 87552K, 7% used [0x00000000f8000000,0x00000000f8648418,0x00000000fd580000)
 Metaspace       used 20670K, capacity 21018K, committed 21248K, reserved 1067008K
  class space    used 2576K, capacity 2691K, committed 2816K, reserved 1048576K
Event: 24.786 GC heap after
Heap after GC invocations=3 (full 1):
 PSYoungGen      total 38400K, used 0K [0x00000000fd580000, 0x0000000100000000, 0x0000000100000000)
  eden space 33280K, 0% used [0x00000000fd580000,0x00000000fd580000,0x00000000ff600000)
  from space 5120K, 0% used [0x00000000ffb00000,0x00000000ffb00000,0x0000000100000000)
  to   space 5120K, 0% used [0x00000000ff600000,0x00000000ff600000,0x00000000ffb00000)
 ParOldGen       total 66048K, used 7401K [0x00000000f8000000, 0x00000000fc080000, 0x00000000fd580000)
  object space 66048K, 11% used [0x00000000f8000000,0x00000000f873a738,0x00000000fc080000)
 Metaspace       used 20657K, capacity 20976K, committed 21248K, reserved 1067008K
  class space    used 2572K, capacity 2684K, committed 2816K, reserved 1048576K
}

