# JRE version: OpenJDK Runtime Environment (8.0_345-b01) (build 1.8.0_345-b01)
# Java VM: OpenJDK 64-Bit Server VM (25.345-b01 mixed mode linux-amd64 compressed oops)
Heap:
 def new generation   total 5376K, used 5028K [0x00000000f8000000, 0x00000000f85d0000, 0x00000000faaa0000)
  eden space 4800K,  92% used [0x00000000f8000000, 0x00000000f84592e8, 0x00000000f84b0000)
  from space 576K,  99% used [0x00000000f84b0000, 0x00000000f853fff0, 0x00000000f8540000)
  to   space 576K,   0% used [0x00000000f8540000, 0x00000000f8540000, 0x00000000f85d0000)
 tenured generation   total 11768K, used 9015K [0x00000000faaa0000, 0x00000000fb61e000, 0x0000000100000000)
   the space 11768K,  76% used [0x00000000faaa0000, 0x00000000fb36de50, 0x00000000fb36e000, 0x00000000fb61e000)
 Metaspace       used 24887K, capacity 25908K, committed 26240K, reserved 1073152K
  class space    used 3166K, capacity 3336K, committed 3456K, reserved 1048576K
GC Heap History (10 events):
Event: 14.105 GC heap before
{Heap before GC invocations=9 (full 0):
 def new generation   total 4928K, used 4927K [0x00000000f8000000, 0x00000000f8550000, 0x00000000faaa0000)
  eden space 4416K, 100% used [0x00000000f8000000, 0x00000000f8450000, 0x00000000f8450000)
  from space 512K,  99% used [0x00000000f84d0000, 0x00000000f854fff8, 0x00000000f8550000)
  to   space 512K,   0% used [0x00000000f8450000, 0x00000000f8450000, 0x00000000f84d0000)
 tenured generation   total 10944K, used 9282K [0x00000000faaa0000, 0x00000000fb550000, 0x0000000100000000)
   the space 10944K,  84% used [0x00000000faaa0000, 0x00000000fb3b0910, 0x00000000fb3b0a00, 0x00000000fb550000)
 Metaspace       used 19280K, capacity 19650K, committed 19712K, reserved 1067008K
  class space    used 2415K, capacity 2531K, committed 2560K, reserved 1048576K
Event: 14.196 GC heap after
Heap after GC invocations=10 (full 0):
 def new generation   total 4928K, used 512K [0x00000000f8000000, 0x00000000f8550000, 0x00000000faaa0000)
  eden space 4416K,   0% used [0x00000000f8000000, 0x00000000f8000000, 0x00000000f8450000)
  from space 512K, 100% used [0x00000000f8450000, 0x00000000f84d0000, 0x00000000f84d0000)
  to   space 512K,   0% used [0x00000000f84d0000, 0x00000000f84d0000, 0x00000000f8550000)
 tenured generation   total 10944K, used 10116K [0x00000000faaa0000, 0x00000000fb550000, 0x0000000100000000)
   the space 10944K,  92% used [0x00000000faaa0000, 0x00000000fb4813f0, 0x00000000fb481400, 0x00000000fb550000)
 Metaspace       used 19280K, capacity 19650K, committed 19712K, reserved 1067008K
  class space    used 2415K, capacity 2531K, committed 2560K, reserved 1048576K
}
Event: 14.709 GC heap before
{Heap before GC invocations=10 (full 0):
 def new generation   total 4928K, used 4928K [0x00000000f8000000, 0x00000000f8550000, 0x00000000faaa0000)
  eden space 4416K, 100% used [0x00000000f8000000, 0x00000000f8450000, 0x00000000f8450000)
  from space 512K, 100% used [0x00000000f8450000, 0x00000000f84d0000, 0x00000000f84d0000)
  to   space 512K,   0% used [0x00000000f84d0000, 0x00000000f84d0000, 0x00000000f8550000)
 tenured generation   total 10944K, used 10116K [0x00000000faaa0000, 0x00000000fb550000, 0x0000000100000000)
   the space 10944K,  92% used [0x00000000faaa0000, 0x00000000fb4813f0, 0x00000000fb481400, 0x00000000fb550000)
 Metaspace       used 19316K, capacity 19650K, committed 19712K, reserved 1067008K
  class space    used 2415K, capacity 2531K, committed 2560K, reserved 1048576K
Event: 14.711 GC heap after
Heap after GC invocations=11 (full 0):
 def new generation   total 4928K, used 1K [0x00000000f8000000, 0x00000000f8550000, 0x00000000faaa0000)
  eden space 4416K,   0% used [0x00000000f8000000, 0x00000000f8000000, 0x00000000f8450000)
  from space 512K,   0% used [0x00000000f84d0000, 0x00000000f84d05b0, 0x00000000f8550000)
  to   space 512K,   0% used [0x00000000f8450000, 0x00000000f8450000, 0x00000000f84d0000)
 tenured generation   total 10944K, used 10315K [0x00000000faaa0000, 0x00000000fb550000, 0x0000000100000000)
   the space 10944K,  94% used [0x00000000faaa0000, 0x00000000fb4b2f30, 0x00000000fb4b3000, 0x00000000fb550000)
 Metaspace       used 19316K, capacity 19650K, committed 19712K, reserved 1067008K
  class space    used 2415K, capacity 2531K, committed 2560K, reserved 1048576K
}
Event: 15.502 GC heap before
{Heap before GC invocations=11 (full 0):
 def new generation   total 4928K, used 4261K [0x00000000f8000000, 0x00000000f8550000, 0x00000000faaa0000)
  eden space 4416K,  96% used [0x00000000f8000000, 0x00000000f8428e78, 0x00000000f8450000)
  from space 512K,   0% used [0x00000000f84d0000, 0x00000000f84d05b0, 0x00000000f8550000)
  to   space 512K,   0% used [0x00000000f8450000, 0x00000000f8450000, 0x00000000f84d0000)
 tenured generation   total 10944K, used 10315K [0x00000000faaa0000, 0x00000000fb550000, 0x0000000100000000)
   the space 10944K,  94% used [0x00000000faaa0000, 0x00000000fb4b2f30, 0x00000000fb4b3000, 0x00000000fb550000)
 Metaspace       used 20712K, capacity 21064K, committed 21248K, reserved 1067008K
  class space    used 2589K, capacity 2726K, committed 2816K, reserved 1048576K
Event: 15.603 GC heap after
Heap after GC invocations=12 (full 1):
 def new generation   total 5376K, used 0K [0x00000000f8000000, 0x00000000f85d0000, 0x00000000faaa0000)
  eden space 4800K,   0% used [0x00000000f8000000, 0x00000000f8000000, 0x00000000f84b0000)
  from space 576K,   0% used [0x00000000f84b0000, 0x00000000f84b0000, 0x00000000f8540000)
  to   space 576K,   0% used [0x00000000f8540000, 0x00000000f8540000, 0x00000000f85d0000)
 tenured generation   total 11768K, used 7059K [0x00000000faaa0000, 0x00000000fb61e000, 0x0000000100000000)
   the space 11768K,  59% used [0x00000000faaa0000, 0x00000000fb184e58, 0x00000000fb185000, 0x00000000fb61e000)
 Metaspace       used 20699K, capacity 21022K, committed 21248K, reserved 1067008K
  class space    used 2586K, capacity 2719K, committed 2816K, reserved 1048576K
}
Event: 16.211 GC heap before
{Heap before GC invocations=12 (full 1):
 def new generation   total 5376K, used 4800K [0x00000000f8000000, 0x00000000f85d0000, 0x00000000faaa0000)
  eden space 4800K, 100% used [0x00000000f8000000, 0x00000000f84b0000, 0x00000000f84b0000)
  from space 576K,   0% used [0x00000000f84b0000, 0x00000000f84b0000, 0x00000000f8540000)
  to   space 576K,   0% used [0x00000000f8540000, 0x00000000f8540000, 0x00000000f85d0000)
 tenured generation   total 11768K, used 7059K [0x00000000faaa0000, 0x00000000fb61e000, 0x0000000100000000)
   the space 11768K,  59% used [0x00000000faaa0000, 0x00000000fb184e58, 0x00000000fb185000, 0x00000000fb61e000)
 Metaspace       used 22002K, capacity 22278K, committed 22656K, reserved 1069056K
  class space    used 2794K, capacity 2883K, committed 2944K, reserved 1048576K
Event: 16.297 GC heap after
Heap after GC invocations=13 (full 1):
 def new generation   total 5376K, used 575K [0x00000000f8000000, 0x00000000f85d0000, 0x00000000faaa0000)
  eden space 4800K,   0% used [0x00000000f8000000, 0x00000000f8000000, 0x00000000f84b0000)
  from space 576K,  99% used [0x00000000f8540000, 0x00000000f85cfff8, 0x00000000f85d0000)
  to   space 576K,   0% used [0x00000000f84b0000, 0x00000000f84b0000, 0x00000000f8540000)
 tenured generation   total 11768K, used 7922K [0x00000000faaa0000, 0x00000000fb61e000, 0x0000000100000000)
   the space 11768K,  67% used [0x00000000faaa0000, 0x00000000fb25c888, 0x00000000fb25ca00, 0x00000000fb61e000)
 Metaspace       used 22002K, capacity 22278K, committed 22656K, reserved 1069056K
  class space    used 2794K, capacity 2883K, committed 2944K, reserved 1048576K
}
Event: 17.101 GC heap before
{Heap before GC invocations=13 (full 1):
 def new generation   total 5376K, used 5375K [0x00000000f8000000, 0x00000000f85d0000, 0x00000000faaa0000)
  eden space 4800K, 100% used [0x00000000f8000000, 0x00000000f84b0000, 0x00000000f84b0000)
  from space 576K,  99% used [0x00000000f8540000, 0x00000000f85cfff8, 0x00000000f85d0000)
  to   space 576K,   0% used [0x00000000f84b0000, 0x00000000f84b0000, 0x00000000f8540000)
 tenured generation   total 11768K, used 7922K [0x00000000faaa0000, 0x00000000fb61e000, 0x0000000100000000)
   the space 11768K,  67% used [0x00000000faaa0000, 0x00000000fb25c888, 0x00000000fb25ca00, 0x00000000fb61e000)
 Metaspace       used 23604K, capacity 23976K, committed 24192K, reserved 1071104K
  class space    used 2982K, capacity 3108K, committed 3200K, reserved 1048576K
Event: 17.106 GC heap after
Heap after GC invocations=14 (full 1):
 def new generation   total 5376K, used 575K [0x00000000f8000000, 0x00000000f85d0000, 0x00000000faaa0000)
  eden space 4800K,   0% used [0x00000000f8000000, 0x00000000f8000000, 0x00000000f84b0000)
  from space 576K,  99% used [0x00000000f84b0000, 0x00000000f853fff0, 0x00000000f8540000)
  to   space 576K,   0% used [0x00000000f8540000, 0x00000000f8540000, 0x00000000f85d0000)
 tenured generation   total 11768K, used 9015K [0x00000000faaa0000, 0x00000000fb61e000, 0x0000000100000000)
   the space 11768K,  76% used [0x00000000faaa0000, 0x00000000fb36de50, 0x00000000fb36e000, 0x00000000fb61e000)
 Metaspace       used 23604K, capacity 23976K, committed 24192K, reserved 1071104K
  class space    used 2982K, capacity 3108K, committed 3200K, reserved 1048576K
}

