# JRE version: OpenJDK Runtime Environment (8.0_345-b01) (build 1.8.0_345-b01)
# Java VM: OpenJDK 64-Bit Server VM (25.345-b01 mixed mode linux-amd64 compressed oops)
Heap:
 PSYoungGen      total 38400K, used 15302K [0x00000000fd580000, 0x0000000100000000, 0x0000000100000000)
  eden space 33280K, 45% used [0x00000000fd580000,0x00000000fe4719c8,0x00000000ff600000)
  from space 5120K, 0% used [0x00000000ffb00000,0x00000000ffb00000,0x0000000100000000)
  to   space 5120K, 0% used [0x00000000ff600000,0x00000000ff600000,0x00000000ffb00000)
 ParOldGen       total 61952K, used 7608K [0x00000000f8000000, 0x00000000fbc80000, 0x00000000fd580000)
  object space 61952K, 12% used [0x00000000f8000000,0x00000000f876e370,0x00000000fbc80000)
 Metaspace       used 24912K, capacity 25902K, committed 26240K, reserved 1073152K
  class space    used 3167K, capacity 3335K, committed 3456K, reserved 1048576K
GC Heap History (6 events):
Event: 19.788 GC heap before
{Heap before GC invocations=1 (full 0):
 PSYoungGen      total 38400K, used 33280K [0x00000000fd580000, 0x0000000100000000, 0x0000000100000000)
  eden space 33280K, 100% used [0x00000000fd580000,0x00000000ff600000,0x00000000ff600000)
  from space 5120K, 0% used [0x00000000ffb00000,0x00000000ffb00000,0x0000000100000000)
  to   space 5120K, 0% used [0x00000000ff600000,0x00000000ff600000,0x00000000ffb00000)
 ParOldGen       total 87552K, used 0K [0x00000000f8000000, 0x00000000fd580000, 0x00000000fd580000)
  object space 87552K, 0% used [0x00000000f8000000,0x00000000f8000000,0x00000000fd580000)
 Metaspace       used 15282K, capacity 15580K, committed 15872K, reserved 1062912K
  class space    used 1874K, capacity 1958K, committed 2048K, reserved 1048576K
Event: 19.860 GC heap after
Heap after GC invocations=1 (full 0):
 PSYoungGen      total 38400K, used 5105K [0x00000000fd580000, 0x0000000100000000, 0x0000000100000000)
  eden space 33280K, 0% used [0x00000000fd580000,0x00000000fd580000,0x00000000ff600000)
  from space 5120K, 99% used [0x00000000ff600000,0x00000000ffafc4e8,0x00000000ffb00000)
  to   space 5120K, 0% used [0x00000000ffb00000,0x00000000ffb00000,0x0000000100000000)
 ParOldGen       total 87552K, used 3921K [0x00000000f8000000, 0x00000000fd580000, 0x00000000fd580000)
  object space 87552K, 4% used [0x00000000f8000000,0x00000000f83d4480,0x00000000fd580000)
 Metaspace       used 15282K, capacity 15580K, committed 15872K, reserved 1062912K
  class space    used 1874K, capacity 1958K, committed 2048K, reserved 1048576K
}
Event: 28.134 GC heap before
{Heap before GC invocations=2 (full 0):
 PSYoungGen      total 38400K, used 27073K [0x00000000fd580000, 0x0000000100000000, 0x0000000100000000)
  eden space 33280K, 66% used [0x00000000fd580000,0x00000000feaf4000,0x00000000ff600000)
  from space 5120K, 99% used [0x00000000ff600000,0x00000000ffafc4e8,0x00000000ffb00000)
  to   space 5120K, 0% used [0x00000000ffb00000,0x00000000ffb00000,0x0000000100000000)
 ParOldGen       total 87552K, used 3921K [0x00000000f8000000, 0x00000000fd580000, 0x00000000fd580000)
  object space 87552K, 4% used [0x00000000f8000000,0x00000000f83d4480,0x00000000fd580000)
 Metaspace       used 20647K, capacity 21026K, committed 21248K, reserved 1067008K
  class space    used 2581K, capacity 2693K, committed 2816K, reserved 1048576K
Event: 28.240 GC heap after
Heap after GC invocations=2 (full 0):
 PSYoungGen      total 38400K, used 5118K [0x00000000fd580000, 0x0000000100000000, 0x0000000100000000)
  eden space 33280K, 0% used [0x00000000fd580000,0x00000000fd580000,0x00000000ff600000)
  from space 5120K, 99% used [0x00000000ffb00000,0x00000000fffffb18,0x0000000100000000)
  to   space 5120K, 0% used [0x00000000ff600000,0x00000000ff600000,0x00000000ffb00000)
 ParOldGen       total 87552K, used 6553K [0x00000000f8000000, 0x00000000fd580000, 0x00000000fd580000)
  object space 87552K, 7% used [0x00000000f8000000,0x00000000f8666608,0x00000000fd580000)
 Metaspace       used 20647K, capacity 21026K, committed 21248K, reserved 1067008K
  class space    used 2581K, capacity 2693K, committed 2816K, reserved 1048576K
}
Event: 28.240 GC heap before
{Heap before GC invocations=3 (full 1):
 PSYoungGen      total 38400K, used 5118K [0x00000000fd580000, 0x0000000100000000, 0x0000000100000000)
  eden space 33280K, 0% used [0x00000000fd580000,0x00000000fd580000,0x00000000ff600000)
  from space 5120K, 99% used [0x00000000ffb00000,0x00000000fffffb18,0x0000000100000000)
  to   space 5120K, 0% used [0x00000000ff600000,0x00000000ff600000,0x00000000ffb00000)
 ParOldGen       total 87552K, used 6553K [0x00000000f8000000, 0x00000000fd580000, 0x00000000fd580000)
  object space 87552K, 7% used [0x00000000f8000000,0x00000000f8666608,0x00000000fd580000)
 Metaspace       used 20647K, capacity 21026K, committed 21248K, reserved 1067008K
  class space    used 2581K, capacity 2693K, committed 2816K, reserved 1048576K
Event: 28.462 GC heap after
Heap after GC invocations=3 (full 1):
 PSYoungGen      total 38400K, used 0K [0x00000000fd580000, 0x0000000100000000, 0x0000000100000000)
  eden space 33280K, 0% used [0x00000000fd580000,0x00000000fd580000,0x00000000ff600000)
  from space 5120K, 0% used [0x00000000ffb00000,0x00000000ffb00000,0x0000000100000000)
  to   space 5120K, 0% used [0x00000000ff600000,0x00000000ff600000,0x00000000ffb00000)
 ParOldGen       total 61952K, used 7608K [0x00000000f8000000, 0x00000000fbc80000, 0x00000000fd580000)
  object space 61952K, 12% used [0x00000000f8000000,0x00000000f876e370,0x00000000fbc80000)
 Metaspace       used 20634K, capacity 20984K, committed 21248K, reserved 1067008K
  class space    used 2577K, capacity 2686K, committed 2816K, reserved 1048576K
}

